[2026-03-05 16:25:11.843] [info] HikRobot's daemon thread started.
[2026-03-05 16:25:12.506] [info] HikRobot's capture thread started.
[2026-03-05 16:25:13.095] [debug] [Target] r=2.236, l=2.036
[2026-03-05 16:25:13.095] [debug] [Tracker] Target diverged!
[2026-03-05 16:25:13.211] [debug] [Target] r=-nan, l=-nan
[2026-03-05 16:25:13.211] [debug] [Tracker] Target diverged!
[2026-03-05 16:25:13.731] [debug] [Target] r=0.468, l=0.268
[2026-03-05 16:25:13.731] [debug] [Tracker] Target diverged!
[2026-03-05 16:25:13.955] [debug] [Target] r=0.509, l=0.309
[2026-03-05 16:25:13.955] [debug] [Tracker] Target diverged!
[2026-03-05 16:25:22.111] [debug] [Target] r=-1.959, l=-2.159
[2026-03-05 16:25:22.111] [debug] [Tracker] Target diverged!
[2026-03-05 16:25:23.009] [debug] [Target] r=-5.336, l=0.000
[2026-03-05 16:25:23.009] [debug] [Tracker] Target diverged!
[2026-03-05 16:25:23.176] [debug] [Target] r=-0.054, l=7.448
[2026-03-05 16:25:23.176] [debug] [Tracker] Target diverged!
[2026-03-05 16:25:23.280] [debug] [Target] r=-2.629, l=-2.829
[2026-03-05 16:25:23.280] [debug] [Tracker] Target diverged!
[2026-03-05 16:25:23.453] [debug] [Target] r=-1.100, l=-1.189
[2026-03-05 16:25:23.453] [debug] [Tracker] Target diverged!
[2026-03-05 16:25:23.556] [debug] [Target] r=-1.456, l=-1.656
[2026-03-05 16:25:23.556] [debug] [Tracker] Target diverged!
[2026-03-05 16:25:23.650] [debug] [Target] r=4.025, l=0.000
[2026-03-05 16:25:23.650] [debug] [Tracker] Target diverged!
[2026-03-05 16:25:23.750] [debug] [Target] r=-1.520, l=0.000
[2026-03-05 16:25:23.750] [debug] [Tracker] Target diverged!
[2026-03-05 16:25:23.908] [debug] [Target] r=3.559, l=3.801
[2026-03-05 16:25:23.908] [debug] [Tracker] Target diverged!
[2026-03-05 16:25:24.119] [debug] [Target] r=1.241, l=-1.657
[2026-03-05 16:25:24.119] [debug] [Tracker] Target diverged!
[2026-03-05 16:25:24.228] [debug] [Target] r=3.748, l=0.000
[2026-03-05 16:25:24.228] [debug] [Tracker] Target diverged!
[2026-03-05 16:25:24.333] [debug] [Target] r=0.118, l=-0.082
[2026-03-05 16:25:24.333] [debug] [Tracker] Target diverged!
[2026-03-05 16:25:24.439] [debug] [Target] r=2.867, l=2.667
[2026-03-05 16:25:24.439] [debug] [Tracker] Target diverged!
[2026-03-05 16:25:24.551] [debug] [Target] r=-0.639, l=-0.839
[2026-03-05 16:25:24.551] [debug] [Tracker] Target diverged!
[2026-03-05 16:25:24.661] [debug] [Target] r=0.029, l=0.000
[2026-03-05 16:25:24.661] [debug] [Tracker] Target diverged!
[2026-03-05 16:25:24.766] [debug] [Target] r=-1.844, l=-2.044
[2026-03-05 16:25:24.766] [debug] [Tracker] Target diverged!
[2026-03-05 16:25:24.880] [debug] [Target] r=3.083, l=2.883
[2026-03-05 16:25:24.880] [debug] [Tracker] Target diverged!
[2026-03-05 16:25:25.001] [debug] [Target] r=3.074, l=2.874
[2026-03-05 16:25:25.001] [debug] [Tracker] Target diverged!
[2026-03-05 16:25:25.223] [debug] [Target] r=1.649, l=5.851
[2026-03-05 16:25:25.223] [debug] [Tracker] Target diverged!
[2026-03-05 16:25:25.510] [debug] [Target] r=0.043, l=0.413
[2026-03-05 16:25:25.510] [debug] [Tracker] Target diverged!
[2026-03-05 16:25:25.668] [debug] [Target] r=2.098, l=5.850
[2026-03-05 16:25:25.668] [debug] [Tracker] Target diverged!
[2026-03-05 16:25:25.770] [debug] [Target] r=3.288, l=0.000
[2026-03-05 16:25:25.770] [debug] [Tracker] Target diverged!
[2026-03-05 16:25:25.928] [debug] [Target] r=2.448, l=5.138
[2026-03-05 16:25:25.928] [debug] [Tracker] Target diverged!
[2026-03-05 16:25:26.145] [warning] [Tracker] Large dt: 0.127s
[2026-03-05 16:25:26.198] [debug] [Target] r=2.013, l=1.813
[2026-03-05 16:25:26.198] [debug] [Tracker] Target diverged!
[2026-03-05 16:25:26.302] [debug] [Target] r=3.852, l=0.000
[2026-03-05 16:25:26.302] [debug] [Tracker] Target diverged!
[2026-03-05 16:25:26.394] [debug] [Target] r=-0.656, l=-0.856
[2026-03-05 16:25:26.394] [debug] [Tracker] Target diverged!
[2026-03-05 16:25:26.528] [debug] [Target] r=3.990, l=0.000
[2026-03-05 16:25:26.528] [debug] [Tracker] Target diverged!
[2026-03-05 16:25:26.640] [debug] [Target] r=-0.662, l=0.000
[2026-03-05 16:25:26.640] [debug] [Tracker] Target diverged!
[2026-03-05 16:25:26.745] [debug] [Target] r=0.563, l=0.363
[2026-03-05 16:25:26.745] [debug] [Tracker] Target diverged!
[2026-03-05 16:25:26.908] [debug] [Target] r=2.543, l=5.463
[2026-03-05 16:25:26.908] [debug] [Tracker] Target diverged!
[2026-03-05 16:25:27.099] [debug] [Target] r=-3.032, l=0.000
[2026-03-05 16:25:27.099] [debug] [Tracker] Target diverged!
[2026-03-05 16:25:27.203] [debug] [Target] r=-1.591, l=-1.791
[2026-03-05 16:25:27.203] [debug] [Tracker] Target diverged!
[2026-03-05 16:25:27.497] [debug] [Target] r=-0.500, l=-0.700
[2026-03-05 16:25:27.497] [debug] [Tracker] Target diverged!
[2026-03-05 16:25:27.601] [debug] [Target] r=-0.045, l=-0.245
[2026-03-05 16:25:27.601] [debug] [Tracker] Target diverged!
[2026-03-05 16:25:27.741] [debug] [Target] r=1.451, l=-0.747
[2026-03-05 16:25:27.741] [debug] [Tracker] Target diverged!
[2026-03-05 16:25:27.846] [debug] [Target] r=2.236, l=2.036
[2026-03-05 16:25:27.846] [debug] [Tracker] Target diverged!
[2026-03-05 16:25:28.156] [debug] [Target] r=2.770, l=5.996
[2026-03-05 16:25:28.156] [debug] [Tracker] Target diverged!
[2026-03-05 16:25:28.263] [debug] [Target] r=0.432, l=0.232
[2026-03-05 16:25:28.263] [debug] [Tracker] Target diverged!
[2026-03-05 16:25:28.366] [debug] [Target] r=0.104, l=-0.096
[2026-03-05 16:25:28.366] [debug] [Tracker] Target diverged!
[2026-03-05 16:25:28.477] [debug] [Target] r=1.623, l=-0.090
[2026-03-05 16:25:28.477] [debug] [Tracker] Target diverged!
[2026-03-05 16:25:28.576] [debug] [Target] r=-2.316, l=-2.516
[2026-03-05 16:25:28.576] [debug] [Tracker] Target diverged!
[2026-03-05 16:25:28.733] [debug] [Target] r=-3.627, l=0.000
[2026-03-05 16:25:28.734] [debug] [Tracker] Target diverged!
[2026-03-05 16:25:28.957] [debug] [Target] r=-0.028, l=0.178
[2026-03-05 16:25:28.957] [debug] [Tracker] Target diverged!
[2026-03-05 16:25:29.050] [debug] [Target] r=2.491, l=2.291
[2026-03-05 16:25:29.050] [debug] [Tracker] Target diverged!
[2026-03-05 16:25:29.246] [debug] [Target] r=-2.327, l=4.270
[2026-03-05 16:25:29.246] [debug] [Tracker] Target diverged!
[2026-03-05 16:25:29.410] [debug] [Target] r=5.321, l=-0.729
[2026-03-05 16:25:29.410] [debug] [Tracker] Target diverged!
[2026-03-05 16:25:29.555] [debug] [Target] r=-1.609, l=-2.580
[2026-03-05 16:25:29.555] [debug] [Tracker] Target diverged!
[2026-03-05 16:25:29.703] [debug] [Target] r=0.170, l=-0.147
[2026-03-05 16:25:29.703] [debug] [Tracker] Target diverged!
[2026-03-05 16:25:29.816] [debug] [Target] r=-nan, l=-nan
[2026-03-05 16:25:29.816] [debug] [Tracker] Target diverged!
[2026-03-05 16:25:29.909] [debug] [Target] r=-1.499, l=0.000
[2026-03-05 16:25:29.909] [debug] [Tracker] Target diverged!
[2026-03-05 16:25:30.054] [debug] [Target] r=2.127, l=1.927
[2026-03-05 16:25:30.054] [debug] [Tracker] Target diverged!
[2026-03-05 16:25:31.203] [warning] [Tracker] Large dt: 1.093s
[2026-03-05 16:25:31.274] [debug] [Target] r=-0.911, l=-1.111
[2026-03-05 16:25:31.274] [debug] [Tracker] Target diverged!
[2026-03-05 16:25:31.382] [debug] [Target] r=2.788, l=2.588
[2026-03-05 16:25:31.382] [debug] [Tracker] Target diverged!
[2026-03-05 16:25:31.566] [debug] [Target] r=2.605, l=6.754
[2026-03-05 16:25:31.566] [debug] [Tracker] Target diverged!
[2026-03-05 16:25:31.669] [debug] [Target] r=0.511, l=0.311
[2026-03-05 16:25:31.669] [debug] [Tracker] Target diverged!
[2026-03-05 16:25:32.066] [debug] [Target] r=2.902, l=5.491
[2026-03-05 16:25:32.067] [debug] [Tracker] Target diverged!
[2026-03-05 16:25:32.216] [debug] [Target] r=-0.242, l=-0.234
[2026-03-05 16:25:32.216] [debug] [Tracker] Target diverged!
[2026-03-05 16:25:32.317] [debug] [Target] r=3.505, l=0.000
[2026-03-05 16:25:32.317] [debug] [Tracker] Target diverged!
[2026-03-05 16:25:32.414] [debug] [Target] r=2.995, l=2.795
[2026-03-05 16:25:32.414] [debug] [Tracker] Target diverged!
[2026-03-05 16:25:32.516] [debug] [Target] r=-2.352, l=-2.552
[2026-03-05 16:25:32.516] [debug] [Tracker] Target diverged!
[2026-03-05 16:25:32.653] [debug] [Target] r=-0.403, l=-0.053
[2026-03-05 16:25:32.653] [debug] [Tracker] Target diverged!
[2026-03-05 16:25:32.780] [debug] [Target] r=-nan, l=-nan
[2026-03-05 16:25:32.780] [debug] [Tracker] Target diverged!
[2026-03-05 16:25:33.103] [debug] [Target] r=0.822, l=-0.725
[2026-03-05 16:25:33.103] [debug] [Tracker] Target diverged!
[2026-03-05 16:25:33.274] [debug] [Target] r=0.959, l=0.000
[2026-03-05 16:25:33.274] [debug] [Tracker] Target diverged!
[2026-03-05 16:25:33.442] [debug] [Target] r=0.613, l=0.000
[2026-03-05 16:25:33.442] [debug] [Tracker] Target diverged!
[2026-03-05 16:25:33.567] [debug] [Target] r=-0.347, l=0.000
[2026-03-05 16:25:33.567] [debug] [Tracker] Target diverged!
[2026-03-05 16:25:33.714] [debug] [Target] r=0.318, l=0.183
[2026-03-05 16:25:33.714] [debug] [Tracker] Target diverged!
[2026-03-05 16:25:33.819] [debug] [Target] r=3.010, l=2.810
[2026-03-05 16:25:33.819] [debug] [Tracker] Target diverged!
[2026-03-05 16:25:33.925] [debug] [Target] r=-0.206, l=0.000
[2026-03-05 16:25:33.925] [debug] [Tracker] Target diverged!
[2026-03-05 16:25:34.024] [debug] [Target] r=-2.251, l=-2.451
[2026-03-05 16:25:34.024] [debug] [Tracker] Target diverged!
[2026-03-05 16:25:34.129] [debug] [Target] r=0.589, l=0.000
[2026-03-05 16:25:34.129] [debug] [Tracker] Target diverged!
[2026-03-05 16:25:34.226] [debug] [Target] r=1.458, l=0.000
[2026-03-05 16:25:34.226] [debug] [Tracker] Target diverged!
[2026-03-05 16:25:34.322] [debug] [Target] r=2.184, l=0.000
[2026-03-05 16:25:34.322] [debug] [Tracker] Target diverged!
[2026-03-05 16:25:34.477] [debug] [Target] r=-0.017, l=0.077
[2026-03-05 16:25:34.477] [debug] [Tracker] Target diverged!
[2026-03-05 16:25:34.576] [debug] [Target] r=2.793, l=2.593
[2026-03-05 16:25:34.576] [debug] [Tracker] Target diverged!
[2026-03-05 16:25:34.891] [debug] [Target] r=-2.943, l=2.391
[2026-03-05 16:25:34.891] [debug] [Tracker] Target diverged!
[2026-03-05 16:25:35.154] [debug] [Target] r=1.118, l=-0.755
[2026-03-05 16:25:35.154] [debug] [Tracker] Target diverged!
[2026-03-05 16:25:35.359] [debug] [Target] r=-5.672, l=2.602
[2026-03-05 16:25:35.359] [debug] [Tracker] Target diverged!
[2026-03-05 16:25:35.466] [debug] [Target] r=-1.953, l=-2.153
[2026-03-05 16:25:35.466] [debug] [Tracker] Target diverged!
[2026-03-05 16:25:35.615] [debug] [Aimer] Unsolvable trajectory in iter 5: speed=23.00, d=90.07, z=-0.34
[2026-03-05 16:25:35.622] [info] Frame: 300, FPS: 18.9
[2026-03-05 16:25:35.678] [debug] [Target] r=2.763, l=0.000
[2026-03-05 16:25:35.678] [debug] [Tracker] Target diverged!
[2026-03-05 16:25:35.790] [debug] [Target] r=2.825, l=2.625
[2026-03-05 16:25:35.790] [debug] [Tracker] Target diverged!
[2026-03-05 16:25:35.971] [debug] [Target] r=0.324, l=0.773
[2026-03-05 16:25:35.971] [debug] [Tracker] Target diverged!
[2026-03-05 16:25:36.077] [debug] [Target] r=3.034, l=2.834
[2026-03-05 16:25:36.077] [debug] [Tracker] Target diverged!
[2026-03-05 16:25:36.231] [debug] [Target] r=-0.711, l=-1.329
[2026-03-05 16:25:36.231] [debug] [Tracker] Target diverged!
[2026-03-05 16:25:36.611] [debug] [Target] r=0.431, l=-0.431
[2026-03-05 16:25:36.611] [debug] [Tracker] Target diverged!
[2026-03-05 16:25:36.922] [debug] [Target] r=0.379, l=0.132
[2026-03-05 16:25:36.922] [debug] [Tracker] Target diverged!
[2026-03-05 16:25:37.030] [debug] [Target] r=-1.284, l=-1.639
[2026-03-05 16:25:37.030] [debug] [Tracker] Target diverged!
[2026-03-05 16:25:37.141] [debug] [Target] r=0.361, l=0.161
[2026-03-05 16:25:37.141] [debug] [Tracker] Target diverged!
[2026-03-05 16:25:37.263] [debug] [Target] r=-1.041, l=-1.241
[2026-03-05 16:25:37.263] [debug] [Tracker] Target diverged!
[2026-03-05 16:25:37.397] [debug] [Target] r=-1.133, l=0.000
[2026-03-05 16:25:37.397] [debug] [Tracker] Target diverged!
[2026-03-05 16:25:37.510] [debug] [Target] r=3.612, l=0.000
[2026-03-05 16:25:37.510] [debug] [Tracker] Target diverged!
[2026-03-05 16:25:37.684] [debug] [Target] r=-1.465, l=-2.334
[2026-03-05 16:25:37.684] [debug] [Tracker] Target diverged!
[2026-03-05 16:25:37.802] [debug] [Target] r=-0.785, l=0.000
[2026-03-05 16:25:37.802] [debug] [Tracker] Target diverged!
[2026-03-05 16:25:37.969] [debug] [Target] r=2.763, l=4.931
[2026-03-05 16:25:37.969] [debug] [Tracker] Target diverged!
[2026-03-05 16:25:38.602] [debug] [Target] r=-2.859, l=4.114
[2026-03-05 16:25:38.602] [debug] [Tracker] Target diverged!
[2026-03-05 16:25:38.731] [debug] [Target] r=0.393, l=0.193
[2026-03-05 16:25:38.731] [debug] [Tracker] Target diverged!
[2026-03-05 16:25:38.834] [debug] [Target] r=2.159, l=0.000
[2026-03-05 16:25:38.834] [debug] [Tracker] Target diverged!
[2026-03-05 16:25:39.002] [debug] [Target] r=-2.347, l=-3.492
[2026-03-05 16:25:39.002] [debug] [Tracker] Target diverged!
[2026-03-05 16:25:39.112] [debug] [Target] r=-1.914, l=-2.114
[2026-03-05 16:25:39.112] [debug] [Tracker] Target diverged!
[2026-03-05 16:25:39.323] [debug] [Target] r=-0.209, l=0.275
[2026-03-05 16:25:39.324] [debug] [Tracker] Target diverged!
[2026-03-05 16:25:39.429] [debug] [Target] r=2.254, l=2.054
[2026-03-05 16:25:39.429] [debug] [Tracker] Target diverged!
[2026-03-05 16:25:40.516] [debug] [Target] r=-0.848, l=0.000
[2026-03-05 16:25:40.517] [debug] [Tracker] Target diverged!
[2026-03-05 16:25:40.635] [debug] [Target] r=-2.444, l=-2.644
[2026-03-05 16:25:40.635] [debug] [Tracker] Target diverged!
[2026-03-05 16:25:40.736] [debug] [Target] r=-1.700, l=-1.900
[2026-03-05 16:25:40.736] [debug] [Tracker] Target diverged!
[2026-03-05 16:25:40.901] [debug] [Target] r=-0.833, l=-1.185
[2026-03-05 16:25:40.901] [debug] [Tracker] Target diverged!
[2026-03-05 16:25:41.289] [debug] [Target] r=-6.571, l=10.141
[2026-03-05 16:25:41.289] [debug] [Tracker] Target diverged!
[2026-03-05 16:25:41.399] [debug] [Target] r=3.153, l=0.000
[2026-03-05 16:25:41.399] [debug] [Tracker] Target diverged!
[2026-03-05 16:25:41.504] [debug] [Target] r=-1.546, l=-1.746
[2026-03-05 16:25:41.504] [debug] [Tracker] Target diverged!
[2026-03-05 16:25:41.614] [debug] [Target] r=nan, l=nan
[2026-03-05 16:25:41.614] [debug] [Tracker] Target diverged!
[2026-03-05 16:25:41.903] [debug] [Target] r=-0.092, l=0.832
[2026-03-05 16:25:41.903] [debug] [Tracker] Target diverged!
[2026-03-05 16:25:42.015] [debug] [Target] r=2.563, l=0.947
[2026-03-05 16:25:42.015] [debug] [Tracker] Target diverged!
[2026-03-05 16:25:42.227] [warning] [Tracker] Large dt: 0.100s
[2026-03-05 16:25:42.542] [debug] [Target] r=-1.183, l=1.705
[2026-03-05 16:25:42.542] [debug] [Tracker] Target diverged!
[2026-03-05 16:25:42.649] [debug] [Target] r=-2.063, l=-2.263
[2026-03-05 16:25:42.649] [debug] [Tracker] Target diverged!
[2026-03-05 16:25:42.756] [debug] [Target] r=-0.083, l=-0.283
[2026-03-05 16:25:42.756] [debug] [Tracker] Target diverged!
[2026-03-05 16:25:43.458] [debug] [Target] r=-0.295, l=5.006
[2026-03-05 16:25:43.458] [debug] [Tracker] Target diverged!
[2026-03-05 16:25:43.621] [debug] [Aimer] Unsolvable trajectory in iter 7: speed=23.00, d=124.20, z=-81.48
[2026-03-05 16:25:43.778] [debug] [Target] r=0.355, l=0.155
[2026-03-05 16:25:43.778] [debug] [Tracker] Target diverged!
[2026-03-05 16:25:44.039] [debug] [Target] r=2.339, l=-1.396
[2026-03-05 16:25:44.039] [debug] [Tracker] Target diverged!
[2026-03-05 16:25:45.242] [debug] [Target] r=0.564, l=-0.482
[2026-03-05 16:25:45.242] [debug] [Tracker] Target diverged!
[2026-03-05 16:25:45.644] [debug] [Target] r=7.736, l=-8.206
[2026-03-05 16:25:45.644] [debug] [Tracker] Target diverged!
[2026-03-05 16:25:45.748] [debug] [Target] r=-0.207, l=0.000
[2026-03-05 16:25:45.748] [debug] [Tracker] Target diverged!
[2026-03-05 16:25:45.981] [debug] [Target] r=-nan, l=-nan
[2026-03-05 16:25:45.981] [debug] [Tracker] Target diverged!
[2026-03-05 16:25:46.101] [debug] [Target] r=3.420, l=0.000
[2026-03-05 16:25:46.102] [debug] [Tracker] Target diverged!
[2026-03-05 16:25:46.518] [debug] [Target] r=-0.742, l=-3.744
[2026-03-05 16:25:46.518] [debug] [Tracker] Target diverged!
[2026-03-05 16:25:46.838] [debug] [Aimer] Unsolvable trajectory in iter 4: speed=23.00, d=47.25, z=31.08
[2026-03-05 16:25:46.884] [debug] [Aimer] Unsolvable trajectory in iter 4: speed=23.00, d=39.38, z=20.13
[2026-03-05 16:25:46.936] [debug] [Target] r=2.524, l=0.000
[2026-03-05 16:25:46.936] [debug] [Tracker] Target diverged!
[2026-03-05 16:25:47.040] [debug] [Target] r=-2.124, l=-2.324
[2026-03-05 16:25:47.040] [debug] [Tracker] Target diverged!
[2026-03-05 16:25:47.182] [debug] [Target] r=-1.596, l=-5.397
[2026-03-05 16:25:47.182] [debug] [Tracker] Target diverged!
[2026-03-05 16:25:47.489] [debug] [Target] r=-0.044, l=0.000
[2026-03-05 16:25:47.489] [debug] [Tracker] Target diverged!
[2026-03-05 16:25:47.828] [debug] [Target] r=nan, l=nan
[2026-03-05 16:25:47.828] [debug] [Tracker] Target diverged!
[2026-03-05 16:25:47.918] [debug] [Target] r=-1.163, l=-1.363
[2026-03-05 16:25:47.918] [debug] [Tracker] Target diverged!
[2026-03-05 16:25:48.097] [debug] [Target] r=-2.373, l=-3.594
[2026-03-05 16:25:48.097] [debug] [Tracker] Target diverged!
[2026-03-05 16:25:48.232] [debug] [Target] r=0.052, l=-0.148
[2026-03-05 16:25:48.232] [debug] [Tracker] Target diverged!
[2026-03-05 16:25:49.183] [debug] [Target] r=0.572, l=-0.367
[2026-03-05 16:25:49.183] [debug] [Tracker] Target diverged!
[2026-03-05 16:25:49.438] [debug] [Target] r=0.148, l=-0.512
[2026-03-05 16:25:49.438] [debug] [Tracker] Target diverged!
[2026-03-05 16:25:50.204] [debug] [Target] r=-0.020, l=0.000
[2026-03-05 16:25:50.204] [debug] [Tracker] Target diverged!
[2026-03-05 16:25:50.776] [debug] [Target] r=0.418, l=-0.572
[2026-03-05 16:25:50.776] [debug] [Tracker] Target diverged!
[2026-03-05 16:25:50.894] [info] Frame: 600, FPS: 21.5
[2026-03-05 16:25:51.862] [debug] [Target] r=-nan, l=-nan
[2026-03-05 16:25:51.862] [debug] [Tracker] Target diverged!
[2026-03-05 16:25:52.564] [debug] [Target] r=-nan, l=-nan
[2026-03-05 16:25:52.564] [debug] [Tracker] Target diverged!
[2026-03-05 16:25:52.668] [debug] [Target] r=nan, l=nan
[2026-03-05 16:25:52.668] [debug] [Tracker] Target diverged!
[2026-03-05 16:25:52.764] [debug] [Target] r=nan, l=nan
[2026-03-05 16:25:52.764] [debug] [Tracker] Target diverged!
[2026-03-05 16:25:52.851] [debug] [Target] r=nan, l=nan
[2026-03-05 16:25:52.851] [debug] [Tracker] Target diverged!
[2026-03-05 16:25:52.941] [debug] [Target] r=nan, l=nan
[2026-03-05 16:25:52.941] [debug] [Tracker] Target diverged!
[2026-03-05 16:25:53.044] [debug] [Target] r=nan, l=nan
[2026-03-05 16:25:53.044] [debug] [Tracker] Target diverged!
[2026-03-05 16:25:53.160] [debug] [Target] r=nan, l=nan
[2026-03-05 16:25:53.160] [debug] [Tracker] Target diverged!
[2026-03-05 16:25:53.269] [debug] [Target] r=0.891, l=0.000
[2026-03-05 16:25:53.269] [debug] [Tracker] Target diverged!
[2026-03-05 16:25:53.382] [debug] [Target] r=-0.848, l=0.000
[2026-03-05 16:25:53.382] [debug] [Tracker] Target diverged!
[2026-03-05 16:25:53.582] [debug] [Target] r=2.343, l=0.000
[2026-03-05 16:25:53.582] [debug] [Tracker] Target diverged!
[2026-03-05 16:25:53.722] [debug] [Target] r=3.409, l=4.113
[2026-03-05 16:25:53.722] [debug] [Tracker] Target diverged!
[2026-03-05 16:25:53.811] [debug] [Target] r=0.104, l=-0.096
[2026-03-05 16:25:53.811] [debug] [Tracker] Target diverged!
[2026-03-05 16:25:53.955] [debug] [Target] r=0.668, l=0.050
[2026-03-05 16:25:53.955] [debug] [Tracker] Target diverged!
[2026-03-05 16:25:54.047] [debug] [Target] r=-0.453, l=-0.653
[2026-03-05 16:25:54.047] [debug] [Tracker] Target diverged!
[2026-03-05 16:25:54.150] [debug] [Target] r=3.941, l=0.000
[2026-03-05 16:25:54.151] [debug] [Tracker] Target diverged!
[2026-03-05 16:25:54.259] [debug] [Target] r=-10.069, l=0.000
[2026-03-05 16:25:54.259] [debug] [Tracker] Target diverged!
[2026-03-05 16:25:54.352] [debug] [Target] r=-1.002, l=0.000
[2026-03-05 16:25:54.352] [debug] [Tracker] Target diverged!
[2026-03-05 16:25:54.457] [debug] [Target] r=-0.893, l=-1.093
[2026-03-05 16:25:54.457] [debug] [Tracker] Target diverged!
[2026-03-05 16:25:54.590] [debug] [Target] r=4.994, l=0.000
[2026-03-05 16:25:54.590] [debug] [Tracker] Target diverged!
[2026-03-05 16:25:54.683] [debug] [Target] r=3.511, l=0.000
[2026-03-05 16:25:54.683] [debug] [Tracker] Target diverged!
[2026-03-05 16:25:54.782] [debug] [Target] r=0.663, l=0.463
[2026-03-05 16:25:54.782] [debug] [Tracker] Target diverged!
[2026-03-05 16:25:54.877] [debug] [Target] r=0.378, l=0.178
[2026-03-05 16:25:54.877] [debug] [Tracker] Target diverged!
[2026-03-05 16:25:55.029] [debug] [Target] r=-2.630, l=-2.830
[2026-03-05 16:25:55.029] [debug] [Tracker] Target diverged!
[2026-03-05 16:25:55.131] [debug] [Target] r=-0.317, l=-0.009
[2026-03-05 16:25:55.131] [debug] [Tracker] Target diverged!
[2026-03-05 16:25:55.237] [debug] [Target] r=0.411, l=0.211
[2026-03-05 16:25:55.237] [debug] [Tracker] Target diverged!
[2026-03-05 16:25:55.384] [debug] [Target] r=5.819, l=-5.825
[2026-03-05 16:25:55.384] [debug] [Tracker] Target diverged!
[2026-03-05 16:25:55.511] [debug] [Target] r=3.892, l=0.221
[2026-03-05 16:25:55.511] [debug] [Tracker] Target diverged!
[2026-03-05 16:25:55.604] [debug] [Target] r=3.062, l=0.000
[2026-03-05 16:25:55.604] [debug] [Tracker] Target diverged!
[2026-03-05 16:25:55.702] [debug] [Target] r=3.806, l=0.000
[2026-03-05 16:25:55.702] [debug] [Tracker] Target diverged!
[2026-03-05 16:25:55.802] [debug] [Target] r=-0.024, l=0.000
[2026-03-05 16:25:55.802] [debug] [Tracker] Target diverged!
[2026-03-05 16:25:55.894] [debug] [Target] r=-2.962, l=0.000
[2026-03-05 16:25:55.894] [debug] [Tracker] Target diverged!
[2026-03-05 16:25:56.010] [debug] [Target] r=0.112, l=-0.088
[2026-03-05 16:25:56.010] [debug] [Tracker] Target diverged!
[2026-03-05 16:25:56.117] [debug] [Target] r=3.726, l=0.000
[2026-03-05 16:25:56.117] [debug] [Tracker] Target diverged!
[2026-03-05 16:25:56.285] [debug] [Target] r=-2.712, l=0.000
[2026-03-05 16:25:56.285] [debug] [Tracker] Target diverged!
[2026-03-05 16:25:56.391] [debug] [Target] r=-2.909, l=0.000
[2026-03-05 16:25:56.391] [debug] [Tracker] Target diverged!
[2026-03-05 16:25:56.484] [debug] [Target] r=-2.738, l=0.000
[2026-03-05 16:25:56.484] [debug] [Tracker] Target diverged!
[2026-03-05 16:25:56.969] [debug] [Target] r=-0.378, l=0.000
[2026-03-05 16:25:56.969] [debug] [Tracker] Target diverged!
[2026-03-05 16:25:57.077] [debug] [Target] r=0.792, l=0.000
[2026-03-05 16:25:57.077] [debug] [Tracker] Target diverged!
[2026-03-05 16:25:57.207] [debug] [Target] r=-1.378, l=0.000
[2026-03-05 16:25:57.207] [debug] [Tracker] Target diverged!
[2026-03-05 16:25:57.315] [debug] [Target] r=nan, l=nan
[2026-03-05 16:25:57.315] [debug] [Tracker] Target diverged!
[2026-03-05 16:25:57.419] [debug] [Target] r=3.024, l=0.000
[2026-03-05 16:25:57.419] [debug] [Tracker] Target diverged!
[2026-03-05 16:25:57.522] [debug] [Target] r=-1.053, l=-1.253
[2026-03-05 16:25:57.522] [debug] [Tracker] Target diverged!
[2026-03-05 16:25:57.645] [debug] [Target] r=-0.098, l=0.000
[2026-03-05 16:25:57.645] [debug] [Tracker] Target diverged!
[2026-03-05 16:25:57.806] [debug] [Target] r=-0.882, l=-4.770
[2026-03-05 16:25:57.806] [debug] [Tracker] Target diverged!
[2026-03-05 16:25:57.903] [debug] [Target] r=-nan, l=-nan
[2026-03-05 16:25:57.903] [debug] [Tracker] Target diverged!
[2026-03-05 16:25:58.018] [debug] [Target] r=3.968, l=0.000
[2026-03-05 16:25:58.018] [debug] [Tracker] Target diverged!
[2026-03-05 16:25:58.131] [debug] [Target] r=-1.181, l=0.000
[2026-03-05 16:25:58.131] [debug] [Tracker] Target diverged!
[2026-03-05 16:25:58.245] [debug] [Target] r=3.250, l=3.050
[2026-03-05 16:25:58.245] [debug] [Tracker] Target diverged!
[2026-03-05 16:25:58.339] [debug] [Target] r=-0.606, l=-0.516
[2026-03-05 16:25:58.339] [debug] [Tracker] Target diverged!
[2026-03-05 16:25:58.456] [debug] [Target] r=-3.140, l=0.000
[2026-03-05 16:25:58.456] [debug] [Tracker] Target diverged!
[2026-03-05 16:25:58.549] [debug] [Target] r=3.721, l=0.000
[2026-03-05 16:25:58.549] [debug] [Tracker] Target diverged!
[2026-03-05 16:25:58.697] [debug] [Target] r=0.351, l=-0.420
[2026-03-05 16:25:58.697] [debug] [Tracker] Target diverged!
[2026-03-05 16:25:58.795] [debug] [Target] r=0.605, l=0.000
[2026-03-05 16:25:58.795] [debug] [Tracker] Target diverged!
[2026-03-05 16:25:58.925] [debug] [Target] r=2.143, l=0.000
[2026-03-05 16:25:58.925] [debug] [Tracker] Target diverged!
[2026-03-05 16:25:59.062] [debug] [Target] r=1.417, l=-1.830
[2026-03-05 16:25:59.062] [debug] [Tracker] Target diverged!
[2026-03-05 16:25:59.164] [debug] [Target] r=-0.021, l=0.000
[2026-03-05 16:25:59.164] [debug] [Tracker] Target diverged!
[2026-03-05 16:25:59.269] [debug] [Target] r=3.935, l=0.000
[2026-03-05 16:25:59.269] [debug] [Tracker] Target diverged!
[2026-03-05 16:25:59.419] [debug] [Target] r=-nan, l=-nan
[2026-03-05 16:25:59.419] [debug] [Tracker] Target diverged!
[2026-03-05 16:25:59.536] [debug] [Target] r=-1.652, l=-5.357
[2026-03-05 16:25:59.537] [debug] [Tracker] Target diverged!
[2026-03-05 16:25:59.645] [debug] [Target] r=-0.297, l=-0.497
[2026-03-05 16:25:59.645] [debug] [Tracker] Target diverged!
[2026-03-05 16:25:59.789] [debug] [Target] r=0.034, l=0.078
[2026-03-05 16:25:59.789] [debug] [Tracker] Target diverged!
[2026-03-05 16:25:59.888] [debug] [Target] r=0.517, l=0.000
[2026-03-05 16:25:59.889] [debug] [Tracker] Target diverged!
[2026-03-05 16:25:59.996] [debug] [Target] r=0.108, l=-0.092
[2026-03-05 16:25:59.996] [debug] [Tracker] Target diverged!
[2026-03-05 16:26:00.149] [debug] [Target] r=-0.131, l=-0.331
[2026-03-05 16:26:00.149] [debug] [Tracker] Target diverged!
[2026-03-05 16:26:03.613] [warning] [Tracker] Large dt: 3.419s
[2026-03-05 16:26:03.670] [debug] [Target] r=-3.558, l=0.000
[2026-03-05 16:26:03.670] [debug] [Tracker] Target diverged!
[2026-03-05 16:26:03.818] [debug] [Target] r=3.844, l=0.000
[2026-03-05 16:26:03.818] [debug] [Tracker] Target diverged!
[2026-03-05 16:26:03.950] [debug] [Target] r=-1.666, l=-1.128
[2026-03-05 16:26:03.950] [debug] [Tracker] Target diverged!
[2026-03-05 16:26:04.064] [debug] [Target] r=1.215, l=0.000
[2026-03-05 16:26:04.064] [debug] [Tracker] Target diverged!
[2026-03-05 16:26:04.166] [debug] [Target] r=3.893, l=0.000
[2026-03-05 16:26:04.167] [debug] [Tracker] Target diverged!
[2026-03-05 16:26:04.283] [debug] [Target] r=-3.374, l=0.000
[2026-03-05 16:26:04.283] [debug] [Tracker] Target diverged!
[2026-03-05 16:26:04.439] [debug] [Target] r=0.576, l=0.067
[2026-03-05 16:26:04.440] [debug] [Tracker] Target diverged!
[2026-03-05 16:26:04.551] [debug] [Target] r=-1.917, l=4.333
[2026-03-05 16:26:04.551] [debug] [Tracker] Target diverged!
[2026-03-05 16:26:04.648] [debug] [Target] r=-3.555, l=0.000
[2026-03-05 16:26:04.648] [debug] [Tracker] Target diverged!
[2026-03-05 16:26:04.767] [debug] [Target] r=-2.303, l=-1.100
[2026-03-05 16:26:04.767] [debug] [Tracker] Target diverged!
[2026-03-05 16:26:04.890] [debug] [Target] r=1.443, l=1.243
[2026-03-05 16:26:04.890] [debug] [Tracker] Target diverged!
[2026-03-05 16:26:04.997] [debug] [Target] r=1.396, l=1.196
[2026-03-05 16:26:04.997] [debug] [Tracker] Target diverged!
[2026-03-05 16:26:05.109] [debug] [Target] r=-4.908, l=0.000
[2026-03-05 16:26:05.109] [debug] [Tracker] Target diverged!
[2026-03-05 16:26:05.221] [debug] [Target] r=-4.171, l=-1.910
[2026-03-05 16:26:05.221] [debug] [Tracker] Target diverged!
[2026-03-05 16:26:05.317] [debug] [Target] r=-nan, l=-nan
[2026-03-05 16:26:05.317] [debug] [Tracker] Target diverged!
[2026-03-05 16:26:05.564] [debug] [Target] r=3.324, l=0.000
[2026-03-05 16:26:05.564] [debug] [Tracker] Target diverged!
[2026-03-05 16:26:05.676] [debug] [Target] r=3.151, l=0.000
[2026-03-05 16:26:05.676] [debug] [Tracker] Target diverged!
[2026-03-05 16:26:05.773] [debug] [Target] r=0.963, l=-0.152
[2026-03-05 16:26:05.773] [debug] [Tracker] Target diverged!
[2026-03-05 16:26:05.884] [debug] [Target] r=-0.051, l=-0.251
[2026-03-05 16:26:05.884] [debug] [Tracker] Target diverged!
[2026-03-05 16:26:06.057] [debug] [Target] r=-2.830, l=-3.107
[2026-03-05 16:26:06.057] [debug] [Tracker] Target diverged!
[2026-03-05 16:26:06.207] [debug] [Target] r=nan, l=nan
[2026-03-05 16:26:06.207] [debug] [Tracker] Target diverged!
[2026-03-05 16:26:06.325] [debug] [Target] r=-1.388, l=-1.588
[2026-03-05 16:26:06.325] [debug] [Tracker] Target diverged!
[2026-03-05 16:26:06.519] [debug] [Target] r=0.637, l=4.638
[2026-03-05 16:26:06.519] [debug] [Tracker] Target diverged!
[2026-03-05 16:26:06.623] [debug] [Target] r=2.880, l=0.000
[2026-03-05 16:26:06.623] [debug] [Tracker] Target diverged!
[2026-03-05 16:26:06.734] [debug] [Target] r=3.180, l=0.000
[2026-03-05 16:26:06.734] [debug] [Tracker] Target diverged!
[2026-03-05 16:26:06.844] [debug] [Target] r=-0.993, l=0.000
[2026-03-05 16:26:06.844] [debug] [Tracker] Target diverged!
[2026-03-05 16:26:06.939] [debug] [Target] r=3.203, l=3.003
[2026-03-05 16:26:06.939] [debug] [Tracker] Target diverged!
[2026-03-05 16:26:07.060] [debug] [Target] r=-1.322, l=0.000
[2026-03-05 16:26:07.060] [debug] [Tracker] Target diverged!
[2026-03-05 16:26:07.202] [debug] [Target] r=3.759, l=0.000
[2026-03-05 16:26:07.202] [debug] [Tracker] Target diverged!
[2026-03-05 16:26:07.383] [debug] [Target] r=-nan, l=-nan
[2026-03-05 16:26:07.383] [debug] [Tracker] Target diverged!
[2026-03-05 16:26:07.606] [debug] [Target] r=1.364, l=5.181
[2026-03-05 16:26:07.606] [debug] [Tracker] Target diverged!
[2026-03-05 16:26:07.761] [debug] [Target] r=3.794, l=0.000
[2026-03-05 16:26:07.761] [debug] [Tracker] Target diverged!
[2026-03-05 16:26:07.887] [debug] [Target] r=0.044, l=0.000
[2026-03-05 16:26:07.887] [debug] [Tracker] Target diverged!
[2026-03-05 16:26:07.991] [debug] [Target] r=3.706, l=0.000
[2026-03-05 16:26:07.991] [debug] [Tracker] Target diverged!
[2026-03-05 16:26:08.209] [debug] [Target] r=0.502, l=0.000
[2026-03-05 16:26:08.209] [debug] [Tracker] Target diverged!
[2026-03-05 16:26:08.313] [debug] [Target] r=nan, l=nan
[2026-03-05 16:26:08.313] [debug] [Tracker] Target diverged!
[2026-03-05 16:26:08.475] [debug] [Target] r=5.116, l=0.000
[2026-03-05 16:26:08.475] [debug] [Tracker] Target diverged!
[2026-03-05 16:26:08.591] [debug] [Target] r=-3.949, l=0.000
[2026-03-05 16:26:08.591] [debug] [Tracker] Target diverged!
[2026-03-05 16:26:08.703] [debug] [Target] r=3.896, l=0.000
[2026-03-05 16:26:08.703] [debug] [Tracker] Target diverged!
[2026-03-05 16:26:08.869] [debug] [Target] r=0.106, l=-0.274
[2026-03-05 16:26:08.869] [debug] [Tracker] Target diverged!
[2026-03-05 16:26:09.131] [debug] [Target] r=4.793, l=0.000
[2026-03-05 16:26:09.131] [debug] [Tracker] Target diverged!
[2026-03-05 16:26:09.249] [debug] [Target] r=-2.383, l=-2.583
[2026-03-05 16:26:09.249] [debug] [Tracker] Target diverged!
[2026-03-05 16:26:09.398] [debug] [Target] r=4.048, l=0.000
[2026-03-05 16:26:09.398] [debug] [Tracker] Target diverged!
[2026-03-05 16:26:09.547] [debug] [Target] r=-2.178, l=5.866
[2026-03-05 16:26:09.547] [debug] [Tracker] Target diverged!
[2026-03-05 16:26:09.650] [debug] [Target] r=0.354, l=0.154
[2026-03-05 16:26:09.650] [debug] [Tracker] Target diverged!
[2026-03-05 16:26:09.754] [debug] [Target] r=-0.315, l=0.000
[2026-03-05 16:26:09.754] [debug] [Tracker] Target diverged!
[2026-03-05 16:26:09.863] [debug] [Target] r=-nan, l=-nan
[2026-03-05 16:26:09.863] [debug] [Tracker] Target diverged!
[2026-03-05 16:26:09.974] [debug] [Target] r=-1.009, l=0.000
[2026-03-05 16:26:09.974] [debug] [Tracker] Target diverged!
[2026-03-05 16:26:10.078] [debug] [Target] r=-0.384, l=-0.584
[2026-03-05 16:26:10.078] [debug] [Tracker] Target diverged!
[2026-03-05 16:26:10.106] [info] Frame: 900, FPS: 18.0
[2026-03-05 16:26:10.218] [debug] [Target] r=-1.352, l=0.000
[2026-03-05 16:26:10.218] [debug] [Tracker] Target diverged!
[2026-03-05 16:26:10.357] [debug] [Target] r=-4.656, l=0.000
[2026-03-05 16:26:10.357] [debug] [Tracker] Target diverged!
[2026-03-05 16:26:10.485] [debug] [Target] r=-2.115, l=-2.315
[2026-03-05 16:26:10.485] [debug] [Tracker] Target diverged!
[2026-03-05 16:26:10.586] [debug] [Target] r=-0.027, l=0.000
[2026-03-05 16:26:10.586] [debug] [Tracker] Target diverged!
[2026-03-05 16:26:10.698] [debug] [Target] r=-3.783, l=0.000
[2026-03-05 16:26:10.698] [debug] [Tracker] Target diverged!
[2026-03-05 16:26:10.798] [debug] [Target] r=-3.803, l=0.000
[2026-03-05 16:26:10.798] [debug] [Tracker] Target diverged!
[2026-03-05 16:26:10.955] [debug] [Target] r=1.805, l=-0.399
[2026-03-05 16:26:10.955] [debug] [Tracker] Target diverged!
[2026-03-05 16:26:11.059] [debug] [Target] r=0.471, l=0.271
[2026-03-05 16:26:11.059] [debug] [Tracker] Target diverged!
[2026-03-05 16:26:11.152] [debug] [Target] r=3.506, l=3.306
[2026-03-05 16:26:11.152] [debug] [Tracker] Target diverged!
[2026-03-05 16:26:11.318] [debug] [Target] r=-1.760, l=1.303
[2026-03-05 16:26:11.318] [debug] [Tracker] Target diverged!
[2026-03-05 16:26:11.433] [debug] [Target] r=2.347, l=2.147
[2026-03-05 16:26:11.433] [debug] [Tracker] Target diverged!
[2026-03-05 16:26:11.554] [debug] [Target] r=-0.685, l=-0.885
[2026-03-05 16:26:11.554] [debug] [Tracker] Target diverged!
[2026-03-05 16:26:11.743] [debug] [Target] r=4.471, l=-3.382
[2026-03-05 16:26:11.744] [debug] [Tracker] Target diverged!
[2026-03-05 16:26:11.847] [debug] [Target] r=-0.051, l=0.000
[2026-03-05 16:26:11.847] [debug] [Tracker] Target diverged!
[2026-03-05 16:26:11.987] [debug] [Target] r=-4.755, l=0.000
[2026-03-05 16:26:11.987] [debug] [Tracker] Target diverged!
[2026-03-05 16:26:12.086] [debug] [Target] r=-3.389, l=-3.589
[2026-03-05 16:26:12.086] [debug] [Tracker] Target diverged!
[2026-03-05 16:26:12.301] [debug] [Target] r=-1.559, l=-1.759
[2026-03-05 16:26:12.301] [debug] [Tracker] Target diverged!
[2026-03-05 16:26:12.399] [debug] [Target] r=-3.202, l=-3.402
[2026-03-05 16:26:12.399] [debug] [Tracker] Target diverged!
[2026-03-05 16:26:12.499] [debug] [Target] r=3.572, l=3.372
[2026-03-05 16:26:12.499] [debug] [Tracker] Target diverged!
[2026-03-05 16:26:12.614] [debug] [Target] r=-0.088, l=0.000
[2026-03-05 16:26:12.614] [debug] [Tracker] Target diverged!
[2026-03-05 16:26:12.720] [debug] [Target] r=3.631, l=3.431
[2026-03-05 16:26:12.720] [debug] [Tracker] Target diverged!
[2026-03-05 16:26:12.830] [debug] [Target] r=-4.386, l=0.000
[2026-03-05 16:26:12.830] [debug] [Tracker] Target diverged!
[2026-03-05 16:26:12.945] [debug] [Target] r=4.643, l=0.000
[2026-03-05 16:26:12.945] [debug] [Tracker] Target diverged!
[2026-03-05 16:26:13.103] [debug] [Target] r=-3.162, l=-0.913
[2026-03-05 16:26:13.103] [debug] [Tracker] Target diverged!
[2026-03-05 16:26:13.203] [debug] [Target] r=-3.499, l=0.000
[2026-03-05 16:26:13.203] [debug] [Tracker] Target diverged!
[2026-03-05 16:26:13.315] [debug] [Target] r=-1.035, l=-1.235
[2026-03-05 16:26:13.315] [debug] [Tracker] Target diverged!
[2026-03-05 16:26:13.470] [debug] [Target] r=-0.758, l=0.000
[2026-03-05 16:26:13.470] [debug] [Tracker] Target diverged!
[2026-03-05 16:26:13.590] [debug] [Target] r=-0.809, l=-1.009
[2026-03-05 16:26:13.590] [debug] [Tracker] Target diverged!
[2026-03-05 16:26:13.699] [debug] [Target] r=0.744, l=0.000
[2026-03-05 16:26:13.699] [debug] [Tracker] Target diverged!
[2026-03-05 16:26:19.913] [warning] [Tracker] Large dt: 6.182s
[2026-03-05 16:26:19.982] [debug] [Target] r=0.920, l=0.000
[2026-03-05 16:26:19.982] [debug] [Tracker] Target diverged!
[2026-03-05 16:26:20.313] [debug] [Target] r=0.962, l=0.762
[2026-03-05 16:26:20.313] [debug] [Tracker] Target diverged!
[2026-03-05 16:26:20.476] [debug] [Target] r=3.668, l=3.468
[2026-03-05 16:26:20.476] [debug] [Tracker] Target diverged!
[2026-03-05 16:26:20.670] [debug] [Target] r=-0.082, l=-0.724
[2026-03-05 16:26:20.670] [debug] [Tracker] Target diverged!
[2026-03-05 16:26:20.880] [debug] [Target] r=0.594, l=1.225
[2026-03-05 16:26:20.880] [debug] [Tracker] Target diverged!
[2026-03-05 16:26:20.989] [debug] [Target] r=-0.779, l=-0.979
[2026-03-05 16:26:20.990] [debug] [Tracker] Target diverged!
[2026-03-05 16:26:21.096] [debug] [Target] r=-0.816, l=0.000
[2026-03-05 16:26:21.096] [debug] [Tracker] Target diverged!
[2026-03-05 16:26:21.210] [debug] [Target] r=4.055, l=0.000
[2026-03-05 16:26:21.210] [debug] [Tracker] Target diverged!
[2026-03-05 16:26:21.312] [debug] [Target] r=0.758, l=0.000
[2026-03-05 16:26:21.312] [debug] [Tracker] Target diverged!
[2026-03-05 16:26:25.204] [warning] MV_CC_GetImageBuffer failed: 0x80000007
[2026-03-05 16:26:25.204] [info] HikRobot's capture thread stopped.
[2026-03-05 16:26:25.400] [info] Reset usb successfully :)
[2026-03-05 16:26:25.744] [info] HikRobot's capture thread started.
[2026-03-05 16:26:28.007] [debug] [Target] r=-1.418, l=0.000
[2026-03-05 16:26:28.007] [debug] [Tracker] Target diverged!
[2026-03-05 16:26:28.117] [debug] [Target] r=2.694, l=2.494
[2026-03-05 16:26:28.117] [debug] [Tracker] Target diverged!
[2026-03-05 16:26:28.272] [debug] [Target] r=0.743, l=0.000
[2026-03-05 16:26:28.272] [debug] [Tracker] Target diverged!
[2026-03-05 16:26:28.373] [debug] [Target] r=4.567, l=0.000
[2026-03-05 16:26:28.373] [debug] [Tracker] Target diverged!
[2026-03-05 16:26:28.546] [debug] [Target] r=5.846, l=-8.075
[2026-03-05 16:26:28.546] [debug] [Tracker] Target diverged!
[2026-03-05 16:26:28.704] [debug] [Target] r=0.709, l=-0.025
[2026-03-05 16:26:28.705] [debug] [Tracker] Target diverged!
[2026-03-05 16:26:28.814] [debug] [Target] r=-0.105, l=0.000
[2026-03-05 16:26:28.814] [debug] [Tracker] Target diverged!
[2026-03-05 16:26:28.927] [debug] [Target] r=-0.297, l=-0.497
[2026-03-05 16:26:28.927] [debug] [Tracker] Target diverged!
[2026-03-05 16:26:29.103] [debug] [Target] r=-0.790, l=-0.990
[2026-03-05 16:26:29.103] [debug] [Tracker] Target diverged!
[2026-03-05 16:26:29.271] [debug] [Target] r=4.864, l=0.000
[2026-03-05 16:26:29.271] [debug] [Tracker] Target diverged!
[2026-03-05 16:26:29.459] [debug] [Target] r=-3.852, l=0.000
[2026-03-05 16:26:29.459] [debug] [Tracker] Target diverged!
[2026-03-05 16:26:29.611] [debug] [Target] r=-5.014, l=0.000
[2026-03-05 16:26:29.611] [debug] [Tracker] Target diverged!
[2026-03-05 16:26:29.720] [debug] [Target] r=-3.633, l=0.000
[2026-03-05 16:26:29.720] [debug] [Tracker] Target diverged!
[2026-03-05 16:26:29.899] [debug] [Target] r=3.212, l=4.433
[2026-03-05 16:26:29.899] [debug] [Tracker] Target diverged!
[2026-03-05 16:26:30.003] [debug] [Target] r=3.042, l=2.842
[2026-03-05 16:26:30.003] [debug] [Tracker] Target diverged!
[2026-03-05 16:26:30.102] [debug] [Target] r=-1.356, l=0.000
[2026-03-05 16:26:30.102] [debug] [Tracker] Target diverged!
[2026-03-05 16:26:30.206] [debug] [Target] r=4.241, l=0.000
[2026-03-05 16:26:30.206] [debug] [Tracker] Target diverged!
[2026-03-05 16:26:30.319] [debug] [Target] r=0.574, l=0.374
[2026-03-05 16:26:30.319] [debug] [Tracker] Target diverged!
[2026-03-05 16:26:30.478] [debug] [Target] r=4.723, l=0.000
[2026-03-05 16:26:30.478] [debug] [Tracker] Target diverged!
[2026-03-05 16:26:30.593] [debug] [Target] r=-2.655, l=0.000
[2026-03-05 16:26:30.593] [debug] [Tracker] Target diverged!
[2026-03-05 16:26:30.692] [debug] [Target] r=-0.364, l=-0.564
[2026-03-05 16:26:30.692] [debug] [Tracker] Target diverged!
[2026-03-05 16:26:30.797] [debug] [Target] r=3.575, l=0.000
[2026-03-05 16:26:30.797] [debug] [Tracker] Target diverged!
[2026-03-05 16:26:30.910] [debug] [Target] r=2.982, l=2.782
[2026-03-05 16:26:30.910] [debug] [Tracker] Target diverged!
[2026-03-05 16:26:31.090] [debug] [Target] r=-1.537, l=0.021
[2026-03-05 16:26:31.090] [debug] [Tracker] Target diverged!
[2026-03-05 16:26:31.201] [debug] [Target] r=3.037, l=0.000
[2026-03-05 16:26:31.201] [debug] [Tracker] Target diverged!
[2026-03-05 16:26:31.304] [debug] [Target] r=-3.711, l=0.000
[2026-03-05 16:26:31.304] [debug] [Tracker] Target diverged!
[2026-03-05 16:26:31.538] [debug] [Target] r=-1.759, l=0.000
[2026-03-05 16:26:31.538] [debug] [Tracker] Target diverged!
[2026-03-05 16:26:31.691] [debug] [Target] r=1.308, l=-0.272
[2026-03-05 16:26:31.691] [debug] [Tracker] Target diverged!
[2026-03-05 16:26:31.818] [debug] [Target] r=3.005, l=0.000
[2026-03-05 16:26:31.818] [debug] [Tracker] Target diverged!
[2026-03-05 16:26:31.920] [debug] [Target] r=-1.567, l=0.000
[2026-03-05 16:26:31.920] [debug] [Tracker] Target diverged!
[2026-03-05 16:26:32.272] [debug] [Target] r=0.389, l=0.189
[2026-03-05 16:26:32.272] [debug] [Tracker] Target diverged!
[2026-03-05 16:26:32.607] [debug] [Target] r=0.916, l=0.243
[2026-03-05 16:26:32.608] [debug] [Tracker] Target diverged!
[2026-03-05 16:26:32.718] [debug] [Target] r=-0.591, l=0.000
[2026-03-05 16:26:32.718] [debug] [Tracker] Target diverged!
[2026-03-05 16:26:33.008] [debug] [Target] r=-2.232, l=1.099
[2026-03-05 16:26:33.008] [debug] [Tracker] Target diverged!
[2026-03-05 16:26:33.102] [debug] [Target] r=4.849, l=0.000
[2026-03-05 16:26:33.102] [debug] [Tracker] Target diverged!
[2026-03-05 16:26:33.289] [debug] [Target] r=3.677, l=0.000
[2026-03-05 16:26:33.289] [debug] [Tracker] Target diverged!
[2026-03-05 16:26:33.469] [debug] [Target] r=-2.002, l=0.000
[2026-03-05 16:26:33.469] [debug] [Tracker] Target diverged!
[2026-03-05 16:26:33.578] [debug] [Target] r=-0.251, l=-0.451
[2026-03-05 16:26:33.578] [debug] [Tracker] Target diverged!
[2026-03-05 16:26:33.686] [debug] [Target] r=-1.875, l=0.000
[2026-03-05 16:26:33.686] [debug] [Tracker] Target diverged!
[2026-03-05 16:26:33.800] [debug] [Target] r=-0.801, l=-1.001
[2026-03-05 16:26:33.801] [debug] [Tracker] Target diverged!
[2026-03-05 16:26:33.899] [debug] [Target] r=-0.053, l=-0.253
[2026-03-05 16:26:33.899] [debug] [Tracker] Target diverged!
[2026-03-05 16:26:34.032] [debug] [Target] r=-2.770, l=0.000
[2026-03-05 16:26:34.032] [debug] [Tracker] Target diverged!
[2026-03-05 16:26:34.145] [debug] [Target] r=1.027, l=0.000
[2026-03-05 16:26:34.145] [debug] [Tracker] Target diverged!
[2026-03-05 16:26:34.299] [debug] [Aimer] Unsolvable trajectory in iter 2: speed=23.00, d=10.22, z=27.34
[2026-03-05 16:26:34.353] [debug] [Target] r=0.327, l=0.749
[2026-03-05 16:26:34.353] [debug] [Tracker] Target diverged!
[2026-03-05 16:26:34.472] [debug] [Target] r=-1.870, l=0.000
[2026-03-05 16:26:34.472] [debug] [Tracker] Target diverged!
[2026-03-05 16:26:34.614] [debug] [Target] r=-5.359, l=0.000
[2026-03-05 16:26:34.614] [debug] [Tracker] Target diverged!
[2026-03-05 16:26:34.708] [debug] [Target] r=4.982, l=0.000
[2026-03-05 16:26:34.708] [debug] [Tracker] Target diverged!
[2026-03-05 16:26:34.929] [debug] [Target] r=0.540, l=0.000
[2026-03-05 16:26:34.929] [debug] [Tracker] Target diverged!
[2026-03-05 16:26:35.031] [debug] [Target] r=-1.921, l=0.000
[2026-03-05 16:26:35.031] [debug] [Tracker] Target diverged!
[2026-03-05 16:26:35.137] [debug] [Target] r=0.073, l=-0.127
[2026-03-05 16:26:35.137] [debug] [Tracker] Target diverged!
[2026-03-05 16:26:35.246] [debug] [Target] r=3.946, l=0.000
[2026-03-05 16:26:35.246] [debug] [Tracker] Target diverged!
[2026-03-05 16:26:35.360] [debug] [Target] r=4.942, l=0.000
[2026-03-05 16:26:35.360] [debug] [Tracker] Target diverged!
[2026-03-05 16:26:35.472] [debug] [Target] r=0.081, l=-0.119
[2026-03-05 16:26:35.472] [debug] [Tracker] Target diverged!
[2026-03-05 16:26:35.582] [debug] [Target] r=3.371, l=3.171
[2026-03-05 16:26:35.582] [debug] [Tracker] Target diverged!
[2026-03-05 16:26:35.697] [debug] [Target] r=2.789, l=2.589
[2026-03-05 16:26:35.697] [debug] [Tracker] Target diverged!
[2026-03-05 16:26:35.820] [debug] [Target] r=4.686, l=0.000
[2026-03-05 16:26:35.820] [debug] [Tracker] Target diverged!
[2026-03-05 16:26:35.915] [debug] [Target] r=3.636, l=3.436
[2026-03-05 16:26:35.915] [debug] [Tracker] Target diverged!
[2026-03-05 16:26:36.026] [debug] [Target] r=-4.366, l=0.000
[2026-03-05 16:26:36.026] [debug] [Tracker] Target diverged!
[2026-03-05 16:26:36.184] [debug] [Target] r=4.798, l=0.000
[2026-03-05 16:26:36.184] [debug] [Tracker] Target diverged!
[2026-03-05 16:26:36.325] [debug] [Target] r=-0.734, l=0.000
[2026-03-05 16:26:36.325] [debug] [Tracker] Target diverged!
[2026-03-05 16:26:36.393] [info] Frame: 1200, FPS: 17.9
[2026-03-05 16:26:36.446] [debug] [Target] r=4.726, l=0.000
[2026-03-05 16:26:36.446] [debug] [Tracker] Target diverged!
[2026-03-05 16:26:36.619] [debug] [Target] r=4.870, l=0.000
[2026-03-05 16:26:36.619] [debug] [Tracker] Target diverged!
[2026-03-05 16:26:36.729] [debug] [Target] r=-2.082, l=-2.282
[2026-03-05 16:26:36.729] [debug] [Tracker] Target diverged!
[2026-03-05 16:26:36.849] [debug] [Target] r=4.524, l=0.000
[2026-03-05 16:26:36.849] [debug] [Tracker] Target diverged!
[2026-03-05 16:26:36.955] [debug] [Target] r=5.005, l=0.000
[2026-03-05 16:26:36.955] [debug] [Tracker] Target diverged!
[2026-03-05 16:26:37.062] [debug] [Target] r=0.442, l=0.242
[2026-03-05 16:26:37.062] [debug] [Tracker] Target diverged!
[2026-03-05 16:26:37.162] [debug] [Target] r=nan, l=nan
[2026-03-05 16:26:37.162] [debug] [Tracker] Target diverged!
[2026-03-05 16:26:37.269] [debug] [Target] r=3.293, l=0.000
[2026-03-05 16:26:37.269] [debug] [Tracker] Target diverged!
[2026-03-05 16:26:37.377] [debug] [Target] r=-4.112, l=0.000
[2026-03-05 16:26:37.377] [debug] [Tracker] Target diverged!
[2026-03-05 16:26:37.483] [debug] [Target] r=-1.022, l=0.000
[2026-03-05 16:26:37.483] [debug] [Tracker] Target diverged!
[2026-03-05 16:26:37.673] [debug] [Target] r=-0.259, l=-0.459
[2026-03-05 16:26:37.673] [debug] [Tracker] Target diverged!
[2026-03-05 16:26:37.768] [debug] [Target] r=-2.633, l=0.000
[2026-03-05 16:26:37.768] [debug] [Tracker] Target diverged!
[2026-03-05 16:26:37.894] [debug] [Target] r=-4.084, l=0.000
[2026-03-05 16:26:37.894] [debug] [Tracker] Target diverged!
[2026-03-05 16:26:38.036] [debug] [Target] r=-3.574, l=0.000
[2026-03-05 16:26:38.036] [debug] [Tracker] Target diverged!
[2026-03-05 16:26:38.178] [debug] [Target] r=6.792, l=-0.684
[2026-03-05 16:26:38.178] [debug] [Tracker] Target diverged!
[2026-03-05 16:26:38.279] [debug] [Target] r=-1.737, l=-1.937
[2026-03-05 16:26:38.279] [debug] [Tracker] Target diverged!
[2026-03-05 16:26:40.303] [warning] MV_CC_GetImageBuffer failed: 0x80000007
[2026-03-05 16:26:40.303] [info] HikRobot's capture thread stopped.
[2026-03-05 16:26:40.480] [info] Reset usb successfully :)
[2026-03-05 16:26:40.858] [info] HikRobot's capture thread started.
[2026-03-05 16:26:44.989] [warning] [Tracker] Large dt: 6.653s
[2026-03-05 16:26:45.486] [debug] [Target] r=6.470, l=0.728
[2026-03-05 16:26:45.486] [debug] [Tracker] Target diverged!
[2026-03-05 16:26:45.590] [debug] [Target] r=-1.123, l=0.000
[2026-03-05 16:26:45.591] [debug] [Tracker] Target diverged!
[2026-03-05 16:26:45.716] [debug] [Target] r=3.022, l=2.822
[2026-03-05 16:26:45.717] [debug] [Tracker] Target diverged!
[2026-03-05 16:26:45.829] [debug] [Target] r=1.860, l=0.000
[2026-03-05 16:26:45.829] [debug] [Tracker] Target diverged!
[2026-03-05 16:26:45.935] [debug] [Target] r=5.205, l=0.000
[2026-03-05 16:26:45.935] [debug] [Tracker] Target diverged!
[2026-03-05 16:26:46.042] [debug] [Target] r=-0.136, l=-0.336
[2026-03-05 16:26:46.042] [debug] [Tracker] Target diverged!
[2026-03-05 16:26:46.141] [debug] [Target] r=-4.022, l=0.000
[2026-03-05 16:26:46.141] [debug] [Tracker] Target diverged!
[2026-03-05 16:26:46.238] [debug] [Target] r=-0.194, l=-0.394
[2026-03-05 16:26:46.238] [debug] [Tracker] Target diverged!
[2026-03-05 16:26:46.352] [debug] [Target] r=3.069, l=2.869
[2026-03-05 16:26:46.352] [debug] [Tracker] Target diverged!
[2026-03-05 16:26:46.466] [debug] [Target] r=-0.323, l=-0.523
[2026-03-05 16:26:46.466] [debug] [Tracker] Target diverged!
[2026-03-05 16:26:46.567] [debug] [Target] r=-0.257, l=0.000
[2026-03-05 16:26:46.567] [debug] [Tracker] Target diverged!
[2026-03-05 16:26:46.666] [debug] [Target] r=4.723, l=0.000
[2026-03-05 16:26:46.666] [debug] [Tracker] Target diverged!
[2026-03-05 16:26:46.762] [debug] [Target] r=4.981, l=0.000
[2026-03-05 16:26:46.762] [debug] [Tracker] Target diverged!
[2026-03-05 16:26:46.879] [debug] [Target] r=-4.562, l=0.000
[2026-03-05 16:26:46.879] [debug] [Tracker] Target diverged!
[2026-03-05 16:26:47.011] [debug] [Target] r=-0.823, l=-1.023
[2026-03-05 16:26:47.011] [debug] [Tracker] Target diverged!
[2026-03-05 16:26:47.153] [debug] [Target] r=4.474, l=0.000
[2026-03-05 16:26:47.153] [debug] [Tracker] Target diverged!
[2026-03-05 16:26:47.265] [debug] [Target] r=5.023, l=0.000
[2026-03-05 16:26:47.265] [debug] [Tracker] Target diverged!
[2026-03-05 16:26:47.416] [debug] [Target] r=6.624, l=-6.213
[2026-03-05 16:26:47.416] [debug] [Tracker] Target diverged!
[2026-03-05 16:26:47.510] [debug] [Target] r=3.395, l=0.000
[2026-03-05 16:26:47.510] [debug] [Tracker] Target diverged!
[2026-03-05 16:26:47.617] [debug] [Target] r=-0.187, l=-0.387
[2026-03-05 16:26:47.617] [debug] [Tracker] Target diverged!
[2026-03-05 16:26:47.743] [debug] [Target] r=3.519, l=3.319
[2026-03-05 16:26:47.743] [debug] [Tracker] Target diverged!
[2026-03-05 16:26:47.854] [debug] [Target] r=1.878, l=1.678
[2026-03-05 16:26:47.854] [debug] [Tracker] Target diverged!
[2026-03-05 16:26:48.059] [debug] [Target] r=6.381, l=-6.998
[2026-03-05 16:26:48.059] [debug] [Tracker] Target diverged!
[2026-03-05 16:26:48.157] [debug] [Target] r=1.096, l=0.896
[2026-03-05 16:26:48.157] [debug] [Tracker] Target diverged!
[2026-03-05 16:26:48.303] [debug] [Target] r=-1.414, l=0.000
[2026-03-05 16:26:48.303] [debug] [Tracker] Target diverged!
[2026-03-05 16:26:48.416] [debug] [Target] r=-1.259, l=-1.459
[2026-03-05 16:26:48.416] [debug] [Tracker] Target diverged!
[2026-03-05 16:26:48.536] [debug] [Target] r=2.543, l=0.000
[2026-03-05 16:26:48.536] [debug] [Tracker] Target diverged!
[2026-03-05 16:26:48.697] [debug] [Target] r=-0.209, l=0.382
[2026-03-05 16:26:48.697] [debug] [Tracker] Target diverged!
[2026-03-05 16:26:48.813] [debug] [Target] r=-1.189, l=-1.389
[2026-03-05 16:26:48.813] [debug] [Tracker] Target diverged!
[2026-03-05 16:26:49.006] [debug] [Target] r=0.380, l=0.156
[2026-03-05 16:26:49.006] [debug] [Tracker] Target diverged!
[2026-03-05 16:26:49.159] [debug] [Target] r=5.559, l=0.000
[2026-03-05 16:26:49.159] [debug] [Tracker] Target diverged!
[2026-03-05 16:26:49.316] [debug] [Target] r=1.030, l=0.000
[2026-03-05 16:26:49.316] [debug] [Tracker] Target diverged!
[2026-03-05 16:26:49.419] [debug] [Target] r=-nan, l=-nan
[2026-03-05 16:26:49.419] [debug] [Tracker] Target diverged!
[2026-03-05 16:26:49.509] [debug] [Target] r=-3.345, l=0.000
[2026-03-05 16:26:49.509] [debug] [Tracker] Target diverged!
[2026-03-05 16:26:49.708] [debug] [Target] r=2.853, l=2.653
[2026-03-05 16:26:49.708] [debug] [Tracker] Target diverged!
[2026-03-05 16:26:49.875] [debug] [Target] r=-6.957, l=0.000
[2026-03-05 16:26:49.875] [debug] [Tracker] Target diverged!
[2026-03-05 16:26:50.052] [debug] [Target] r=0.076, l=-0.105
[2026-03-05 16:26:50.052] [debug] [Tracker] Target diverged!
[2026-03-05 16:26:50.172] [debug] [Target] r=4.578, l=0.000
[2026-03-05 16:26:50.172] [debug] [Tracker] Target diverged!
[2026-03-05 16:26:50.282] [debug] [Target] r=-0.328, l=0.000
[2026-03-05 16:26:50.282] [debug] [Tracker] Target diverged!
[2026-03-05 16:26:50.383] [debug] [Target] r=4.694, l=0.000
[2026-03-05 16:26:50.383] [debug] [Tracker] Target diverged!
[2026-03-05 16:26:50.476] [debug] [Target] r=-4.441, l=0.000
[2026-03-05 16:26:50.477] [debug] [Tracker] Target diverged!
[2026-03-05 16:26:50.568] [debug] [Target] r=-0.776, l=-0.976
[2026-03-05 16:26:50.568] [debug] [Tracker] Target diverged!
[2026-03-05 16:26:50.654] [debug] [Target] r=-nan, l=-nan
[2026-03-05 16:26:50.654] [debug] [Tracker] Target diverged!
[2026-03-05 16:26:50.853] [debug] [Target] r=4.759, l=0.000
[2026-03-05 16:26:50.853] [debug] [Tracker] Target diverged!
[2026-03-05 16:26:51.003] [debug] [Target] r=-4.573, l=0.000
[2026-03-05 16:26:51.003] [debug] [Tracker] Target diverged!
[2026-03-05 16:26:51.143] [debug] [Target] r=0.397, l=0.197
[2026-03-05 16:26:51.143] [debug] [Tracker] Target diverged!
[2026-03-05 16:26:51.244] [debug] [Target] r=0.623, l=0.423
[2026-03-05 16:26:51.244] [debug] [Tracker] Target diverged!
[2026-03-05 16:26:51.335] [debug] [Target] r=-4.001, l=0.000
[2026-03-05 16:26:51.335] [debug] [Tracker] Target diverged!
[2026-03-05 16:26:51.435] [debug] [Target] r=5.228, l=0.000
[2026-03-05 16:26:51.435] [debug] [Tracker] Target diverged!
[2026-03-05 16:26:51.536] [debug] [Target] r=-2.757, l=-2.957
[2026-03-05 16:26:51.536] [debug] [Tracker] Target diverged!
[2026-03-05 16:26:51.629] [debug] [Target] r=-4.533, l=0.000
[2026-03-05 16:26:51.629] [debug] [Tracker] Target diverged!
[2026-03-05 16:26:51.754] [debug] [Target] r=0.545, l=0.345
[2026-03-05 16:26:51.754] [debug] [Tracker] Target diverged!
[2026-03-05 16:26:51.864] [debug] [Target] r=-0.957, l=-1.157
[2026-03-05 16:26:51.864] [debug] [Tracker] Target diverged!
[2026-03-05 16:26:52.025] [debug] [Target] r=-1.830, l=-8.611
[2026-03-05 16:26:52.025] [debug] [Tracker] Target diverged!
[2026-03-05 16:26:52.129] [debug] [Target] r=5.109, l=0.000
[2026-03-05 16:26:52.129] [debug] [Tracker] Target diverged!
[2026-03-05 16:26:52.234] [debug] [Target] r=-0.414, l=-0.614
[2026-03-05 16:26:52.234] [debug] [Tracker] Target diverged!
[2026-03-05 16:26:52.393] [debug] [Target] r=4.067, l=2.949
[2026-03-05 16:26:52.393] [debug] [Tracker] Target diverged!
[2026-03-05 16:26:52.504] [debug] [Target] r=0.430, l=0.230
[2026-03-05 16:26:52.504] [debug] [Tracker] Target diverged!
[2026-03-05 16:26:52.608] [debug] [Target] r=-2.455, l=0.000
[2026-03-05 16:26:52.608] [debug] [Tracker] Target diverged!
[2026-03-05 16:26:52.710] [debug] [Target] r=nan, l=nan
[2026-03-05 16:26:52.710] [debug] [Tracker] Target diverged!
[2026-03-05 16:26:52.824] [debug] [Target] r=5.124, l=0.000
[2026-03-05 16:26:52.824] [debug] [Tracker] Target diverged!
[2026-03-05 16:26:52.934] [debug] [Target] r=-0.611, l=0.000
[2026-03-05 16:26:52.934] [debug] [Tracker] Target diverged!
[2026-03-05 16:26:53.046] [debug] [Target] r=5.232, l=0.000
[2026-03-05 16:26:53.046] [debug] [Tracker] Target diverged!
[2026-03-05 16:26:53.141] [debug] [Target] r=3.874, l=3.674
[2026-03-05 16:26:53.141] [debug] [Tracker] Target diverged!
[2026-03-05 16:26:53.268] [debug] [Target] r=0.046, l=0.000
[2026-03-05 16:26:53.268] [debug] [Tracker] Target diverged!
[2026-03-05 16:26:53.379] [debug] [Target] r=-nan, l=-nan
[2026-03-05 16:26:53.379] [debug] [Tracker] Target diverged!
[2026-03-05 16:26:53.476] [debug] [Target] r=-2.315, l=0.000
[2026-03-05 16:26:53.476] [debug] [Tracker] Target diverged!
[2026-03-05 16:26:53.581] [debug] [Target] r=-3.530, l=0.000
[2026-03-05 16:26:53.581] [debug] [Tracker] Target diverged!
[2026-03-05 16:26:53.730] [debug] [Target] r=5.391, l=0.000
[2026-03-05 16:26:53.730] [debug] [Tracker] Target diverged!
[2026-03-05 16:26:53.883] [debug] [Target] r=8.218, l=-6.619
[2026-03-05 16:26:53.883] [debug] [Tracker] Target diverged!
[2026-03-05 16:26:54.035] [debug] [Target] r=0.749, l=0.549
[2026-03-05 16:26:54.035] [debug] [Tracker] Target diverged!
[2026-03-05 16:26:54.158] [debug] [Target] r=3.746, l=0.000
[2026-03-05 16:26:54.158] [debug] [Tracker] Target diverged!
[2026-03-05 16:26:54.304] [debug] [Target] r=1.266, l=0.705
[2026-03-05 16:26:54.304] [debug] [Tracker] Target diverged!
[2026-03-05 16:26:54.401] [debug] [Target] r=5.081, l=0.000
[2026-03-05 16:26:54.401] [debug] [Tracker] Target diverged!
[2026-03-05 16:26:54.511] [debug] [Target] r=-0.069, l=-0.269
[2026-03-05 16:26:54.511] [debug] [Tracker] Target diverged!
[2026-03-05 16:26:54.664] [debug] [Target] r=5.277, l=0.000
[2026-03-05 16:26:54.664] [debug] [Tracker] Target diverged!
[2026-03-05 16:26:54.770] [debug] [Target] r=-0.331, l=-0.531
[2026-03-05 16:26:54.770] [debug] [Tracker] Target diverged!
[2026-03-05 16:26:54.888] [debug] [Target] r=-0.657, l=0.000
[2026-03-05 16:26:54.888] [debug] [Tracker] Target diverged!
[2026-03-05 16:26:54.997] [debug] [Target] r=3.454, l=3.254
[2026-03-05 16:26:54.997] [debug] [Tracker] Target diverged!
[2026-03-05 16:26:55.096] [debug] [Target] r=5.176, l=0.000
[2026-03-05 16:26:55.096] [debug] [Tracker] Target diverged!
[2026-03-05 16:26:55.196] [debug] [Target] r=-0.182, l=-0.382
[2026-03-05 16:26:55.196] [debug] [Tracker] Target diverged!
[2026-03-05 16:26:55.309] [debug] [Target] r=-2.720, l=-2.920
[2026-03-05 16:26:55.309] [debug] [Tracker] Target diverged!
[2026-03-05 16:26:55.468] [debug] [Target] r=2.210, l=0.000
[2026-03-05 16:26:55.468] [debug] [Tracker] Target diverged!
[2026-03-05 16:26:55.587] [debug] [Target] r=5.015, l=0.000
[2026-03-05 16:26:55.587] [debug] [Tracker] Target diverged!
[2026-03-05 16:26:55.690] [debug] [Target] r=-0.272, l=0.000
[2026-03-05 16:26:55.690] [debug] [Tracker] Target diverged!
[2026-03-05 16:26:55.797] [debug] [Target] r=4.972, l=0.000
[2026-03-05 16:26:55.797] [debug] [Tracker] Target diverged!
[2026-03-05 16:26:55.917] [debug] [Target] r=4.201, l=0.000
[2026-03-05 16:26:55.917] [debug] [Tracker] Target diverged!
[2026-03-05 16:26:56.035] [debug] [Target] r=-0.414, l=0.000
[2026-03-05 16:26:56.035] [debug] [Tracker] Target diverged!
[2026-03-05 16:26:56.171] [debug] [Target] r=0.083, l=-0.117
[2026-03-05 16:26:56.171] [debug] [Tracker] Target diverged!
[2026-03-05 16:26:56.292] [debug] [Target] r=-0.829, l=-1.029
[2026-03-05 16:26:56.292] [debug] [Tracker] Target diverged!
[2026-03-05 16:26:56.408] [debug] [Target] r=0.450, l=0.250
[2026-03-05 16:26:56.408] [debug] [Tracker] Target diverged!
[2026-03-05 16:26:56.551] [debug] [Target] r=-1.013, l=0.000
[2026-03-05 16:26:56.552] [debug] [Tracker] Target diverged!
[2026-03-05 16:26:56.675] [debug] [Target] r=4.390, l=0.000
[2026-03-05 16:26:56.675] [debug] [Tracker] Target diverged!
[2026-03-05 16:26:56.855] [debug] [Target] r=-2.939, l=0.000
[2026-03-05 16:26:56.855] [debug] [Tracker] Target diverged!
[2026-03-05 16:26:56.984] [debug] [Target] r=-0.036, l=0.000
[2026-03-05 16:26:56.984] [debug] [Tracker] Target diverged!
[2026-03-05 16:26:57.142] [debug] [Target] r=0.663, l=0.090
[2026-03-05 16:26:57.142] [debug] [Tracker] Target diverged!
[2026-03-05 16:26:57.244] [debug] [Target] r=0.788, l=0.588
[2026-03-05 16:26:57.244] [debug] [Tracker] Target diverged!
[2026-03-05 16:26:57.345] [debug] [Target] r=0.648, l=0.448
[2026-03-05 16:26:57.345] [debug] [Tracker] Target diverged!
[2026-03-05 16:26:57.462] [debug] [Target] r=-0.333, l=-0.533
[2026-03-05 16:26:57.462] [debug] [Tracker] Target diverged!
[2026-03-05 16:26:57.574] [debug] [Target] r=2.162, l=1.962
[2026-03-05 16:26:57.574] [debug] [Tracker] Target diverged!
[2026-03-05 16:26:57.685] [debug] [Target] r=1.198, l=0.000
[2026-03-05 16:26:57.685] [debug] [Tracker] Target diverged!
[2026-03-05 16:26:57.837] [debug] [Target] r=-4.543, l=0.000
[2026-03-05 16:26:57.837] [debug] [Tracker] Target diverged!
[2026-03-05 16:26:57.970] [debug] [Target] r=0.019, l=-0.181
[2026-03-05 16:26:57.970] [debug] [Tracker] Target diverged!
[2026-03-05 16:26:58.078] [debug] [Target] r=0.743, l=0.000
[2026-03-05 16:26:58.078] [debug] [Tracker] Target diverged!
[2026-03-05 16:26:58.204] [debug] [Target] r=-1.994, l=0.000
[2026-03-05 16:26:58.204] [debug] [Tracker] Target diverged!
[2026-03-05 16:26:58.215] [info] Program terminated successfully.
[2026-03-05 16:26:58.284] [info] HikRobot's capture thread stopped.
[2026-03-05 16:26:58.295] [info] HikRobot's daemon thread stopped.
[2026-03-05 16:26:58.298] [info] HikRobot destructed.
